
[2026-03-27 05:59:05 UTC] LagerPro cron run
[1/4] git status
 M MEMORY.md
 M projects/lagerpro/README.md
 M projects/lagerpro/projects/lagerpro/src/LagerPro.Api/Controllers/ArticlesController.cs
 M projects/lagerpro/projects/lagerpro/src/LagerPro.Api/Program.cs
 M projects/lagerpro/projects/lagerpro/src/LagerPro.Application/DependencyInjection/ServiceCollectionExtensions.cs
 M projects/lagerpro/projects/lagerpro/src/LagerPro.Application/LagerPro.Application.csproj
 M projects/lagerpro/projects/lagerpro/src/LagerPro.Infrastructure/DependencyInjection/ServiceCollectionExtensions.cs
 M projects/lagerpro/projects/lagerpro/tests/LagerPro.Application.Tests/LagerPro.Application.Tests.csproj
 M projects/lagerpro/projects/lagerpro/tests/LagerPro.Domain.Tests/LagerPro.Domain.Tests.csproj
 M projects/lagerpro/src/LagerPro.Api/Program.cs
 M projects/lagerpro/src/LagerPro.Application/DependencyInjection/ServiceCollectionExtensions.cs
 M projects/lagerpro/src/LagerPro.Infrastructure/DependencyInjection/ServiceCollectionExtensions.cs
?? .learnings/
?? .onedrive-export/
?? .openclaw/
?? .snapshots/
?? .tmp-lagerpro-cron.sh
?? .tmp-self-improving-agent/
?? AGENTS.md
?? HEARTBEAT.md
?? IDENTITY.md
?? SOUL.md
?? Steve-Status/
?? TOOLS.md
?? USER.md
?? memory/
?? projects/inntekt/
?? projects/lagerpro/MEMORY.md
?? projects/lagerpro/docs/mvp-plan.md
?? projects/lagerpro/projects/lagerpro/docs/status/
?? projects/lagerpro/projects/lagerpro/projects/
?? projects/lagerpro/projects/lagerpro/src/LagerPro.Api/Controllers/KunderController.cs
?? projects/lagerpro/projects/lagerpro/src/LagerPro.Api/Controllers/LeverandorerController.cs
?? projects/lagerpro/projects/lagerpro/src/LagerPro.Api/DependencyInjection/
?? projects/lagerpro/projects/lagerpro/src/LagerPro.Application/Abstractions/
?? projects/lagerpro/projects/lagerpro/src/LagerPro.Application/Features/Articles/ArticleDto.cs
?? projects/lagerpro/projects/lagerpro/src/LagerPro.Application/Features/Articles/Commands/CreateArticle/CreateArticleHandler.cs
?? projects/lagerpro/projects/lagerpro/src/LagerPro.Application/Features/Articles/Queries/GetAllArticles/GetAllArticlesHandler.cs
?? projects/lagerpro/projects/lagerpro/src/LagerPro.Application/Features/Kunder/
?? projects/lagerpro/projects/lagerpro/src/LagerPro.Application/Features/Leverandorer/
?? projects/lagerpro/projects/lagerpro/src/LagerPro.Domain/Repositories/IKundeRepository.cs
?? projects/lagerpro/projects/lagerpro/src/LagerPro.Domain/Repositories/ILagerTransaksjonRepository.cs
?? projects/lagerpro/projects/lagerpro/src/LagerPro.Domain/Repositories/ILeverandorRepository.cs
?? projects/lagerpro/projects/lagerpro/src/LagerPro.Domain/Repositories/ILeveringRepository.cs
?? projects/lagerpro/projects/lagerpro/src/LagerPro.Domain/Repositories/IProduksjonsOrdreRepository.cs
?? projects/lagerpro/projects/lagerpro/src/LagerPro.Domain/Repositories/IReseptRepository.cs
?? projects/lagerpro/projects/lagerpro/src/LagerPro.Infrastructure/Persistence/UnitOfWork.cs
?? projects/lagerpro/projects/lagerpro/src/LagerPro.Infrastructure/Repositories/KundeRepository.cs
?? projects/lagerpro/projects/lagerpro/src/LagerPro.Infrastructure/Repositories/LagerTransaksjonRepository.cs
?? projects/lagerpro/projects/lagerpro/src/LagerPro.Infrastructure/Repositories/LeverandorRepository.cs
?? projects/lagerpro/projects/lagerpro/src/LagerPro.Infrastructure/Repositories/LeveringRepository.cs
?? projects/lagerpro/projects/lagerpro/src/LagerPro.Infrastructure/Repositories/ProduksjonsOrdreRepository.cs
?? projects/lagerpro/projects/lagerpro/src/LagerPro.Infrastructure/Repositories/ReseptRepository.cs
?? projects/lagerpro/projects/lagerpro/tests/LagerPro.Application.Tests/GlobalUsings.cs
?? projects/lagerpro/projects/lagerpro/tests/LagerPro.Domain.Tests/GlobalUsings.cs
?? projects/lagerpro/src/LagerPro.Api/Controllers/StatusController.cs
?? projects/lagerpro/src/LagerPro.Api/wwwroot/
?? projects/lagerpro/src/LagerPro.Application/Services/
?? projects/lagerpro/src/LagerPro.Contracts/Status/
?? reports/
[2/4] build
MSBuild version 17.8.49+7806cbf7b for .NET
  Determining projects to restore...
  All projects are up-to-date for restore.
  LagerPro.Domain -> /home/ubuntu/.openclaw/workspace/src/LagerPro.Domain/bin/Debug/net8.0/LagerPro.Domain.dll
  LagerPro.Contracts -> /home/ubuntu/.openclaw/workspace/src/LagerPro.Contracts/bin/Debug/net8.0/LagerPro.Contracts.dll
  LagerPro.Application -> /home/ubuntu/.openclaw/workspace/src/LagerPro.Application/bin/Debug/net8.0/LagerPro.Application.dll
  LagerPro.Domain.Tests -> /home/ubuntu/.openclaw/workspace/tests/LagerPro.Domain.Tests/bin/Debug/net8.0/LagerPro.Domain.Tests.dll
  LagerPro.Application.Tests -> /home/ubuntu/.openclaw/workspace/tests/LagerPro.Application.Tests/bin/Debug/net8.0/LagerPro.Application.Tests.dll
  LagerPro.Infrastructure -> /home/ubuntu/.openclaw/workspace/src/LagerPro.Infrastructure/bin/Debug/net8.0/LagerPro.Infrastructure.dll
  LagerPro.Api -> /home/ubuntu/.openclaw/workspace/src/LagerPro.Api/bin/Debug/net8.0/LagerPro.Api.dll

Build succeeded.
    0 Warning(s)
    0 Error(s)

Time Elapsed 00:00:03.70
[3/4] test
Test run for /home/ubuntu/.openclaw/workspace/tests/LagerPro.Domain.Tests/bin/Debug/net8.0/LagerPro.Domain.Tests.dll (.NETCoreApp,Version=v8.0)
Microsoft (R) Test Execution Command Line Tool Version 17.8.0 (x64)
Copyright (c) Microsoft Corporation.  All rights reserved.

Test run for /home/ubuntu/.openclaw/workspace/tests/LagerPro.Application.Tests/bin/Debug/net8.0/LagerPro.Application.Tests.dll (.NETCoreApp,Version=v8.0)
Starting test execution, please wait...
Microsoft (R) Test Execution Command Line Tool Version 17.8.0 (x64)
Copyright (c) Microsoft Corporation.  All rights reserved.

A total of 1 test files matched the specified pattern.
Starting test execution, please wait...
A total of 1 test files matched the specified pattern.

Passed!  - Failed:     0, Passed:     1, Skipped:     0, Total:     1, Duration: < 1 ms - LagerPro.Domain.Tests.dll (net8.0)

Passed!  - Failed:     0, Passed:     1, Skipped:     0, Total:     1, Duration: < 1 ms - LagerPro.Application.Tests.dll (net8.0)
[4/4] mvp plan pointer
# LagerPro — MVP-plan

## Mål
Få en første brukertestbar MVP av LagerPro så fort som mulig.

## MVP-scope
Kun det som trengs for å teste kjerneflyten:
- Registrere artikkel
- Registrere mottak
- Se lagerbeholdning
- Opprette enkel produksjon
- Registrere enkel levering
- Grunnleggende sporbarhet på lot
- Enkel frontend som kan brukes uten friksjon

## Tidsestimat
- Intern grov demo: 3–5 arbeidsdager
- Brukertestbar MVP: 1–2 uker
- Mer stabil første pilot: 2–4 uker

## Prioritert rekkefølge
1. Få database og CRUD for artikkel helt stabilt
2. Lage migrering og runtime-kobling
3. Bygge mottak-flyten
4. Lage lager-visning
5. Bygge produksjon-flyten
6. Bygge levering-flyten
7. Koble sporbarhet på lot
8. Lage enkel frontend som faktisk kan testes

## Dag-for-dag forslag
### Dag 1
- Verifisere databasekobling og migreringer
- Fikse artikkel-CRUD helt ende-til-ende

### Dag 2
- Mottak-modul på plass
- Første lageroppdatering fra mottak

### Dag 3
- Lageroversikt
- Enkel visning av beholdning per artikkel/lot

### Dag 4
- Produksjon: opprette ordre og trekke råvarer

### Dag 5
- Levering: registrere uttak og koble mot kunde

### Dag 6
- Sporbarhet: lot-kjede fra levering tilbake til råvare

### Dag 7
- Frontend-skjermbilder og enkel testflyt
- Rydding, feilretting og demo-klargjøring

## Risikopunkter
- Database/migrering kan bremse resten hvis den ikke sitter
- Sporbarhet kan vokse fort hvis scope ikke holdes stramt
- Frontend kan trekke tid hvis den blir for ambisiøs

## Beslutning
Start med funksjon fremfor penhet. MVP skal kunne brukes, ikke imponere.

[2026-03-27 09:11:14 UTC] Article flow check
projects/lagerpro/src/LagerPro.Api/Controllers/ArticlesController.cs:45:        return CreatedAtAction(nameof(Get), new { id }, new { id });
projects/lagerpro/src/LagerPro.Application/Features/Articles/Commands/CreateArticle/CreateArticleHandler.cs:26:            Type = Enum.Parse<ArtikelType>(command.Type, ignoreCase: true),
projects/lagerpro/src/LagerPro.Application/Features/Articles/Commands/CreateArticle/CreateArticleHandler.cs:36:        await _repository.AddAsync(article, cancellationToken);
projects/lagerpro/src/LagerPro.Application/Features/Articles/Commands/CreateArticle/CreateArticleHandler.cs:37:        await _unitOfWork.SaveChangesAsync(cancellationToken);
projects/lagerpro/src/LagerPro.Infrastructure/Repositories/ArtikkelRepository.cs:29:    public async Task AddAsync(Artikkel artikkel, CancellationToken cancellationToken = default)
projects/lagerpro/src/LagerPro.Infrastructure/Repositories/ArtikkelRepository.cs:31:        await _dbContext.Artikler.AddAsync(artikkel, cancellationToken);
projects/lagerpro/src/LagerPro.Infrastructure/Repositories/ArtikkelRepository.cs:32:        await _dbContext.SaveChangesAsync(cancellationToken);
